<?xml version="1.0" encoding="UTF-8"?>
<testng-results skipped="0" failed="0" ignored="0" total="1" passed="1">
  <reporter-output>
  </reporter-output>
  <suite name="Имя набора тестов" duration-ms="57617" started-at="2023-08-21T12:39:02 MSK" finished-at="2023-08-21T12:39:59 MSK">
    <groups>
    </groups>
    <test name="Имя теста" duration-ms="57617" started-at="2023-08-21T12:39:02 MSK" finished-at="2023-08-21T12:39:59 MSK">
      <class name="Tests">
        <test-method status="PASS" signature="test()[pri:0, instance:Tests@9729a97]" name="test" duration-ms="56085" started-at="2023-08-21T12:39:02 MSK" finished-at="2023-08-21T12:39:58 MSK">
          <reporter-output>
          </reporter-output>
        </test-method> <!-- test -->
        <test-method status="PASS" signature="afterTest(org.testng.ITestResult)[pri:0, instance:Tests@9729a97]" name="afterTest" is-config="true" duration-ms="8" started-at="2023-08-21T12:39:58 MSK" finished-at="2023-08-21T12:39:58 MSK">
          <params>
            <param index="0">
              <value>
                <![CDATA[[TestResult name=test status=SUCCESS method=Tests.test()[pri:0, instance:Tests@9729a97] output={null}]]]>
              </value>
            </param>
          </params>
          <reporter-output>
          </reporter-output>
        </test-method> <!-- afterTest -->
        <test-method status="PASS" signature="close()[pri:0, instance:Tests@9729a97]" name="close" is-config="true" duration-ms="939" started-at="2023-08-21T12:39:58 MSK" finished-at="2023-08-21T12:39:59 MSK">
          <reporter-output>
          </reporter-output>
        </test-method> <!-- close -->
        <test-method status="PASS" signature="afterTestClearCookies()[pri:0, instance:Tests@9729a97]" name="afterTestClearCookies" is-config="true" duration-ms="1" started-at="2023-08-21T12:39:59 MSK" finished-at="2023-08-21T12:39:59 MSK">
          <reporter-output>
          </reporter-output>
        </test-method> <!-- afterTestClearCookies -->
      </class> <!-- Tests -->
    </test> <!-- Имя теста -->
  </suite> <!-- Имя набора тестов -->
</testng-results>
